2026-06-25 18:20:14,716 [INFO] API key carregada da variavel de ambiente.
2026-06-25 18:20:14,717 [INFO] ============================================================
2026-06-25 18:20:14,717 [INFO] INICIANDO GERACAO DE IMAGENS - GRUPO PRAGA ZERO
2026-06-25 18:20:14,717 [INFO] Data: 25/06/2026 18:20:14
2026-06-25 18:20:14,717 [INFO] Modelo: x-ai/grok-imagine-image-quality
2026-06-25 18:20:14,717 [INFO] Destino: D:\Documentos\PRAGA ZERO\sistema\imagens
2026-06-25 18:20:14,717 [INFO] ============================================================
2026-06-25 18:20:14,719 [INFO] 
Gerando imagens:

2026-06-25 18:20:14,980 [INFO]   Tentativa 1/3 para slide1_capa...
2026-06-25 18:20:15,703 [WARNING]   HTTP 404 na tentativa 1/3
2026-06-25 18:20:15,709 [INFO]   Aguardando 2s antes da proxima tentativa...
2026-06-25 18:20:17,710 [INFO]   Tentativa 2/3 para slide1_capa...
2026-06-25 18:20:17,749 [WARNING]   HTTP 404 na tentativa 2/3
2026-06-25 18:20:17,749 [INFO]   Aguardando 4s antes da proxima tentativa...
2026-06-25 18:20:21,750 [INFO]   Tentativa 3/3 para slide1_capa...
2026-06-25 18:20:21,791 [WARNING]   HTTP 404 na tentativa 3/3
2026-06-25 18:20:21,792 [ERROR]   ❌ Falha ao gerar slide1_capa apos 3 tentativas.
2026-06-25 18:20:23,297 [INFO]   Tentativa 1/3 para slide2_perigo...
2026-06-25 18:20:23,344 [WARNING]   HTTP 404 na tentativa 1/3
2026-06-25 18:20:23,344 [INFO]   Aguardando 2s antes da proxima tentativa...
2026-06-25 18:20:25,345 [INFO]   Tentativa 2/3 para slide2_perigo...
2026-06-25 18:20:25,382 [WARNING]   HTTP 404 na tentativa 2/3
2026-06-25 18:20:25,382 [INFO]   Aguardando 4s antes da proxima tentativa...
2026-06-25 18:20:29,382 [INFO]   Tentativa 3/3 para slide2_perigo...
2026-06-25 18:20:29,418 [WARNING]   HTTP 404 na tentativa 3/3
2026-06-25 18:20:29,418 [ERROR]   ❌ Falha ao gerar slide2_perigo apos 3 tentativas.
2026-06-25 18:20:30,920 [INFO]   Tentativa 1/3 para slide3_francesinha...
2026-06-25 18:20:30,956 [WARNING]   HTTP 404 na tentativa 1/3
2026-06-25 18:20:30,956 [INFO]   Aguardando 2s antes da proxima tentativa...
2026-06-25 18:20:32,957 [INFO]   Tentativa 2/3 para slide3_francesinha...
2026-06-25 18:20:32,997 [WARNING]   HTTP 404 na tentativa 2/3
2026-06-25 18:20:32,997 [INFO]   Aguardando 4s antes da proxima tentativa...
2026-06-25 18:20:36,998 [INFO]   Tentativa 3/3 para slide3_francesinha...
2026-06-25 18:20:37,036 [WARNING]   HTTP 404 na tentativa 3/3
2026-06-25 18:20:37,036 [ERROR]   ❌ Falha ao gerar slide3_francesinha apos 3 tentativas.
2026-06-25 18:20:38,538 [INFO]   Tentativa 1/3 para slide4_paulistinha...
2026-06-25 18:20:38,581 [WARNING]   HTTP 404 na tentativa 1/3
2026-06-25 18:20:38,581 [INFO]   Aguardando 2s antes da proxima tentativa...
2026-06-25 18:20:40,581 [INFO]   Tentativa 2/3 para slide4_paulistinha...
2026-06-25 18:20:40,618 [WARNING]   HTTP 404 na tentativa 2/3
2026-06-25 18:20:40,619 [INFO]   Aguardando 4s antes da proxima tentativa...
2026-06-25 18:20:44,619 [INFO]   Tentativa 3/3 para slide4_paulistinha...
2026-06-25 18:20:44,656 [WARNING]   HTTP 404 na tentativa 3/3
2026-06-25 18:20:44,656 [ERROR]   ❌ Falha ao gerar slide4_paulistinha apos 3 tentativas.
2026-06-25 18:20:46,159 [INFO]   Tentativa 1/3 para slide5_muricoca...
2026-06-25 18:20:46,201 [WARNING]   HTTP 404 na tentativa 1/3
2026-06-25 18:20:46,201 [INFO]   Aguardando 2s antes da proxima tentativa...
2026-06-25 18:20:48,202 [INFO]   Tentativa 2/3 para slide5_muricoca...
2026-06-25 18:20:48,240 [WARNING]   HTTP 404 na tentativa 2/3
2026-06-25 18:20:48,240 [INFO]   Aguardando 4s antes da proxima tentativa...
2026-06-25 18:20:52,241 [INFO]   Tentativa 3/3 para slide5_muricoca...
2026-06-25 18:20:52,276 [WARNING]   HTTP 404 na tentativa 3/3
2026-06-25 18:20:52,276 [ERROR]   ❌ Falha ao gerar slide5_muricoca apos 3 tentativas.
2026-06-25 18:20:53,779 [INFO]   Tentativa 1/3 para slide6_rato...
2026-06-25 18:20:53,815 [WARNING]   HTTP 404 na tentativa 1/3
2026-06-25 18:20:53,815 [INFO]   Aguardando 2s antes da proxima tentativa...
2026-06-25 18:20:55,816 [INFO]   Tentativa 2/3 para slide6_rato...
2026-06-25 18:20:55,851 [WARNING]   HTTP 404 na tentativa 2/3
2026-06-25 18:20:55,851 [INFO]   Aguardando 4s antes da proxima tentativa...
2026-06-25 18:20:59,852 [INFO]   Tentativa 3/3 para slide6_rato...
2026-06-25 18:20:59,888 [WARNING]   HTTP 404 na tentativa 3/3
2026-06-25 18:20:59,888 [ERROR]   ❌ Falha ao gerar slide6_rato apos 3 tentativas.
2026-06-25 18:21:01,391 [INFO]   Tentativa 1/3 para slide7_escorpiao...
2026-06-25 18:21:01,426 [WARNING]   HTTP 404 na tentativa 1/3
2026-06-25 18:21:01,427 [INFO]   Aguardando 2s antes da proxima tentativa...
2026-06-25 18:21:03,427 [INFO]   Tentativa 2/3 para slide7_escorpiao...
2026-06-25 18:21:03,467 [WARNING]   HTTP 404 na tentativa 2/3
2026-06-25 18:21:03,467 [INFO]   Aguardando 4s antes da proxima tentativa...
2026-06-25 18:21:07,468 [INFO]   Tentativa 3/3 para slide7_escorpiao...
2026-06-25 18:21:07,505 [WARNING]   HTTP 404 na tentativa 3/3
2026-06-25 18:21:07,505 [ERROR]   ❌ Falha ao gerar slide7_escorpiao apos 3 tentativas.
2026-06-25 18:21:09,008 [INFO]   Tentativa 1/3 para slide8_solucao...
2026-06-25 18:21:09,044 [WARNING]   HTTP 404 na tentativa 1/3
2026-06-25 18:21:09,044 [INFO]   Aguardando 2s antes da proxima tentativa...
2026-06-25 18:21:11,044 [INFO]   Tentativa 2/3 para slide8_solucao...
2026-06-25 18:21:11,086 [WARNING]   HTTP 404 na tentativa 2/3
2026-06-25 18:21:11,086 [INFO]   Aguardando 4s antes da proxima tentativa...
2026-06-25 18:21:15,086 [INFO]   Tentativa 3/3 para slide8_solucao...
2026-06-25 18:21:15,122 [WARNING]   HTTP 404 na tentativa 3/3
2026-06-25 18:21:15,123 [ERROR]   ❌ Falha ao gerar slide8_solucao apos 3 tentativas.
2026-06-25 18:21:16,625 [INFO]   Tentativa 1/3 para slide9_diferenciais...
2026-06-25 18:21:16,662 [WARNING]   HTTP 404 na tentativa 1/3
2026-06-25 18:21:16,662 [INFO]   Aguardando 2s antes da proxima tentativa...
2026-06-25 18:21:18,663 [INFO]   Tentativa 2/3 para slide9_diferenciais...
2026-06-25 18:21:18,703 [WARNING]   HTTP 404 na tentativa 2/3
2026-06-25 18:21:18,703 [INFO]   Aguardando 4s antes da proxima tentativa...
2026-06-25 18:21:22,703 [INFO]   Tentativa 3/3 para slide9_diferenciais...
2026-06-25 18:21:22,748 [WARNING]   HTTP 404 na tentativa 3/3
2026-06-25 18:21:22,749 [ERROR]   ❌ Falha ao gerar slide9_diferenciais apos 3 tentativas.
2026-06-25 18:21:24,251 [INFO]   Tentativa 1/3 para slide10_cta...
2026-06-25 18:21:24,291 [WARNING]   HTTP 404 na tentativa 1/3
2026-06-25 18:21:24,291 [INFO]   Aguardando 2s antes da proxima tentativa...
2026-06-25 18:21:26,291 [INFO]   Tentativa 2/3 para slide10_cta...
2026-06-25 18:21:26,330 [WARNING]   HTTP 404 na tentativa 2/3
2026-06-25 18:21:26,330 [INFO]   Aguardando 4s antes da proxima tentativa...
2026-06-25 18:21:30,331 [INFO]   Tentativa 3/3 para slide10_cta...
2026-06-25 18:21:30,370 [WARNING]   HTTP 404 na tentativa 3/3
2026-06-25 18:21:30,370 [ERROR]   ❌ Falha ao gerar slide10_cta apos 3 tentativas.
2026-06-25 18:21:31,877 [INFO] 
============================================================
2026-06-25 18:21:31,877 [INFO] RELATORIO FINAL
2026-06-25 18:21:31,877 [INFO] ============================================================
2026-06-25 18:21:31,877 [INFO] ✅ Sucesso: 0/10
2026-06-25 18:21:31,879 [INFO] ❌ Falhas: 10/10
2026-06-25 18:21:31,880 [INFO] 📁 Localizacao: D:\Documentos\PRAGA ZERO\sistema\imagens
2026-06-25 18:21:31,882 [INFO] ============================================================
2026-06-25 18:21:31,882 [INFO] 
✨ Processo concluido com sucesso!
2026-06-25 18:23:29,090 [INFO] API key carregada da variavel de ambiente.
2026-06-25 18:23:29,090 [INFO] ============================================================
2026-06-25 18:23:29,091 [INFO] INICIANDO GERACAO DE IMAGENS - GRUPO PRAGA ZERO
2026-06-25 18:23:29,091 [INFO] Data: 25/06/2026 18:23:29
2026-06-25 18:23:29,091 [INFO] Modelo: x-ai/grok-imagine-image-quality
2026-06-25 18:23:29,091 [INFO] Destino: D:\Documentos\PRAGA ZERO\sistema\imagens
2026-06-25 18:23:29,091 [INFO] ============================================================
2026-06-25 18:23:29,093 [INFO] 
Gerando imagens:

2026-06-25 18:23:29,119 [INFO]   Tentativa 1/3 para slide1_capa...
2026-06-25 18:23:29,911 [WARNING]   HTTP 401 na tentativa 1/3
2026-06-25 18:23:29,911 [ERROR]   API key invalida! Verifique sua chave.
2026-06-25 18:23:31,412 [INFO]   Tentativa 1/3 para slide2_perigo...
2026-06-25 18:23:31,460 [WARNING]   HTTP 401 na tentativa 1/3
2026-06-25 18:23:31,460 [ERROR]   API key invalida! Verifique sua chave.
2026-06-25 18:23:32,961 [INFO]   Tentativa 1/3 para slide3_francesinha...
2026-06-25 18:23:33,006 [WARNING]   HTTP 401 na tentativa 1/3
2026-06-25 18:23:33,006 [ERROR]   API key invalida! Verifique sua chave.
2026-06-25 18:23:34,507 [INFO]   Tentativa 1/3 para slide4_paulistinha...
2026-06-25 18:23:34,561 [WARNING]   HTTP 401 na tentativa 1/3
2026-06-25 18:23:34,562 [ERROR]   API key invalida! Verifique sua chave.
2026-06-25 18:23:36,062 [INFO]   Tentativa 1/3 para slide5_muricoca...
2026-06-25 18:23:36,109 [WARNING]   HTTP 401 na tentativa 1/3
2026-06-25 18:23:36,109 [ERROR]   API key invalida! Verifique sua chave.
2026-06-25 18:23:37,610 [INFO]   Tentativa 1/3 para slide6_rato...
2026-06-25 18:23:37,656 [WARNING]   HTTP 401 na tentativa 1/3
2026-06-25 18:23:37,656 [ERROR]   API key invalida! Verifique sua chave.
2026-06-25 18:23:39,158 [INFO]   Tentativa 1/3 para slide7_escorpiao...
2026-06-25 18:23:39,201 [WARNING]   HTTP 401 na tentativa 1/3
2026-06-25 18:23:39,202 [ERROR]   API key invalida! Verifique sua chave.
2026-06-25 18:23:40,702 [INFO]   Tentativa 1/3 para slide8_solucao...
2026-06-25 18:23:40,780 [WARNING]   HTTP 401 na tentativa 1/3
2026-06-25 18:23:40,780 [ERROR]   API key invalida! Verifique sua chave.
2026-06-25 18:23:42,281 [INFO]   Tentativa 1/3 para slide9_diferenciais...
2026-06-25 18:23:42,324 [WARNING]   HTTP 401 na tentativa 1/3
2026-06-25 18:23:42,324 [ERROR]   API key invalida! Verifique sua chave.
2026-06-25 18:23:43,825 [INFO]   Tentativa 1/3 para slide10_cta...
2026-06-25 18:23:43,871 [WARNING]   HTTP 401 na tentativa 1/3
2026-06-25 18:23:43,871 [ERROR]   API key invalida! Verifique sua chave.
2026-06-25 18:23:45,373 [INFO] 
============================================================
2026-06-25 18:23:45,374 [INFO] RELATORIO FINAL
2026-06-25 18:23:45,374 [INFO] ============================================================
2026-06-25 18:23:45,374 [INFO] [OK] Sucesso: 0/10
2026-06-25 18:23:45,374 [INFO] [FALHA] Falhas: 10/10
2026-06-25 18:23:45,374 [INFO] [DIR] Localizacao: D:\Documentos\PRAGA ZERO\sistema\imagens
2026-06-25 18:23:45,374 [INFO] ============================================================
2026-06-25 18:23:45,374 [INFO] 
[OK] Processo concluido com sucesso!
2026-06-25 18:33:39,062 [INFO] API key carregada da variavel de ambiente.
2026-06-25 18:33:39,063 [INFO] ============================================================
2026-06-25 18:33:39,063 [INFO] INICIANDO GERACAO DE IMAGENS - GRUPO PRAGA ZERO
2026-06-25 18:33:39,063 [INFO] Data: 25/06/2026 18:33:39
2026-06-25 18:33:39,063 [INFO] Modelo: x-ai/grok-imagine-image-quality
2026-06-25 18:33:39,063 [INFO] Destino: D:\Documentos\PRAGA ZERO\sistema\imagens
2026-06-25 18:33:39,063 [INFO] ============================================================
2026-06-25 18:33:39,065 [INFO] 
Gerando imagens:

2026-06-25 18:33:39,098 [INFO]   Tentativa 1/3 para slide1_capa...
2026-06-25 18:33:45,808 [INFO]   [OK] slide1_capa salva! (279.0 KB)
2026-06-25 18:33:47,310 [INFO]   Tentativa 1/3 para slide2_perigo...
2026-06-25 18:33:54,091 [INFO]   [OK] slide2_perigo salva! (388.2 KB)
2026-06-25 18:33:55,591 [INFO]   Tentativa 1/3 para slide3_francesinha...
2026-06-25 18:34:02,001 [INFO]   [OK] slide3_francesinha salva! (287.0 KB)
2026-06-25 18:34:03,502 [INFO]   Tentativa 1/3 para slide4_paulistinha...
2026-06-25 18:34:09,224 [INFO]   [OK] slide4_paulistinha salva! (283.5 KB)
2026-06-25 18:34:10,725 [INFO]   Tentativa 1/3 para slide5_muricoca...
2026-06-25 18:34:16,445 [INFO]   [OK] slide5_muricoca salva! (214.2 KB)
2026-06-25 18:34:17,946 [INFO]   Tentativa 1/3 para slide6_rato...
2026-06-25 18:34:24,110 [INFO]   [OK] slide6_rato salva! (359.8 KB)
2026-06-25 18:34:25,611 [INFO]   Tentativa 1/3 para slide7_escorpiao...
2026-06-25 18:34:31,531 [INFO]   [OK] slide7_escorpiao salva! (220.6 KB)
2026-06-25 18:34:33,032 [INFO]   Tentativa 1/3 para slide8_solucao...
2026-06-25 18:34:39,285 [INFO]   [OK] slide8_solucao salva! (278.2 KB)
2026-06-25 18:34:40,785 [INFO]   Tentativa 1/3 para slide9_diferenciais...
2026-06-25 18:34:46,969 [INFO]   [OK] slide9_diferenciais salva! (235.0 KB)
2026-06-25 18:34:48,470 [INFO]   Tentativa 1/3 para slide10_cta...
2026-06-25 18:34:54,625 [INFO]   [OK] slide10_cta salva! (331.6 KB)
2026-06-25 18:34:56,129 [INFO] 
============================================================
2026-06-25 18:34:56,129 [INFO] RELATORIO FINAL
2026-06-25 18:34:56,129 [INFO] ============================================================
2026-06-25 18:34:56,129 [INFO] [OK] Sucesso: 10/10
2026-06-25 18:34:56,130 [INFO] [DIR] Localizacao: D:\Documentos\PRAGA ZERO\sistema\imagens
2026-06-25 18:34:56,130 [INFO] ============================================================
2026-06-25 18:34:56,131 [INFO] 📋 Mapa de imagens salvo em: imagens\image_map.json
2026-06-25 18:34:56,140 [INFO] 
[OK] Processo concluido com sucesso!
